[debug] [2026-07-09T19:08:57.243Z] ----------------------------------------------------------------------
[debug] [2026-07-09T19:08:57.247Z] Command:       C:\Program Files\nodejs\node.exe C:\Users\Manuel Lagos\AppData\Roaming\npm\node_modules\firebase-tools\lib\bin\firebase.js deploy --only hosting
[debug] [2026-07-09T19:08:57.247Z] CLI Version:   14.4.0
[debug] [2026-07-09T19:08:57.247Z] Platform:      win32
[debug] [2026-07-09T19:08:57.247Z] Node Version:  v22.13.1
[debug] [2026-07-09T19:08:57.248Z] Time:          Thu Jul 09 2026 16:08:57 GMT-0300 (hora estándar de Argentina)
[debug] [2026-07-09T19:08:57.248Z] ----------------------------------------------------------------------
[debug] 
[debug] [2026-07-09T19:08:57.477Z] > command requires scopes: ["email","openid","https://www.googleapis.com/auth/cloudplatformprojects.readonly","https://www.googleapis.com/auth/firebase","https://www.googleapis.com/auth/cloud-platform"]
[debug] [2026-07-09T19:08:57.477Z] > authorizing via signed-in user (reservaeldia.invitaciones@gmail.com)
[debug] [2026-07-09T19:08:57.477Z] [iam] checking project reservaeldia-7a440 for permissions ["firebase.projects.get","firebasehosting.sites.update"]
[debug] [2026-07-09T19:08:57.479Z] Checked if tokens are valid: true, expires at: 1783625388916
[debug] [2026-07-09T19:08:57.479Z] Checked if tokens are valid: true, expires at: 1783625388916
[debug] [2026-07-09T19:08:57.480Z] >>> [apiv2][query] POST https://cloudresourcemanager.googleapis.com/v1/projects/reservaeldia-7a440:testIamPermissions [none]
[debug] [2026-07-09T19:08:57.480Z] >>> [apiv2][(partial)header] POST https://cloudresourcemanager.googleapis.com/v1/projects/reservaeldia-7a440:testIamPermissions x-goog-quota-user=projects/reservaeldia-7a440
[debug] [2026-07-09T19:08:57.480Z] >>> [apiv2][body] POST https://cloudresourcemanager.googleapis.com/v1/projects/reservaeldia-7a440:testIamPermissions {"permissions":["firebase.projects.get","firebasehosting.sites.update"]}
[debug] [2026-07-09T19:08:58.565Z] <<< [apiv2][status] POST https://cloudresourcemanager.googleapis.com/v1/projects/reservaeldia-7a440:testIamPermissions 200
[debug] [2026-07-09T19:08:58.565Z] <<< [apiv2][body] POST https://cloudresourcemanager.googleapis.com/v1/projects/reservaeldia-7a440:testIamPermissions {"permissions":["firebase.projects.get","firebasehosting.sites.update"]}
[debug] [2026-07-09T19:08:58.566Z] Checked if tokens are valid: true, expires at: 1783625388916
[debug] [2026-07-09T19:08:58.567Z] Checked if tokens are valid: true, expires at: 1783625388916
[debug] [2026-07-09T19:08:58.567Z] >>> [apiv2][query] GET https://firebase.googleapis.com/v1beta1/projects/reservaeldia-7a440 [none]
[debug] [2026-07-09T19:08:58.947Z] <<< [apiv2][status] GET https://firebase.googleapis.com/v1beta1/projects/reservaeldia-7a440 200
[debug] [2026-07-09T19:08:58.947Z] <<< [apiv2][body] GET https://firebase.googleapis.com/v1beta1/projects/reservaeldia-7a440 {"projectId":"reservaeldia-7a440","projectNumber":"860495975406","displayName":"reservaeldia","name":"projects/reservaeldia-7a440","resources":{"hostingSite":"reservaeldia-7a440"},"state":"ACTIVE","labels":{"firebase":"enabled","firebase/storage-default-bucket":"created"},"etag":"1_00810e16-e1ba-42f2-b6e2-ab89df312d61"}
[info] 
[info] === Deploying to 'reservaeldia-7a440'...
[info] 
[info] i  deploying hosting 
[debug] [2026-07-09T19:08:58.953Z] Checked if tokens are valid: true, expires at: 1783625388916
[debug] [2026-07-09T19:08:58.954Z] Checked if tokens are valid: true, expires at: 1783625388916
[debug] [2026-07-09T19:08:58.954Z] >>> [apiv2][query] POST https://firebasehosting.googleapis.com/v1beta1/projects/-/sites/reservaeldia-7a440/versions [none]
[debug] [2026-07-09T19:08:58.954Z] >>> [apiv2][body] POST https://firebasehosting.googleapis.com/v1beta1/projects/-/sites/reservaeldia-7a440/versions {"status":"CREATED","labels":{"deployment-tool":"cli-firebase"}}
